<?xml version="1.0" encoding="UTF-8"?>
<!-- Generated by org.testng.reporters.JUnitReportReporter -->
<testsuite hostname="LAPTOP-0FD1O0AP" failures="0" tests="4" name="com.testvagrant.musicstoreTest.RecentlyPlayedStoreTest" time="0.040" errors="0" timestamp="2023-04-11T23:12:58 IST" skipped="0">
  <testcase classname="com.testvagrant.musicstoreTest.RecentlyPlayedStoreTest" name="testAddPlayedSong" time="0.025"/>
  <system-out/>
  <testcase classname="com.testvagrant.musicstoreTest.RecentlyPlayedStoreTest" name="testAddPlayedSongS4" time="0.002"/>
  <system-out/>
  <testcase classname="com.testvagrant.musicstoreTest.RecentlyPlayedStoreTest" name="testAddPlayedSongS2" time="0.009"/>
  <system-out/>
  <testcase classname="com.testvagrant.musicstoreTest.RecentlyPlayedStoreTest" name="testAddPlayedSongS1" time="0.004"/>
  <system-out/>
</testsuite> <!-- com.testvagrant.musicstoreTest.RecentlyPlayedStoreTest -->
